<?xml version="1.0" encoding="UTF-8"?>
<!-- Generated by org.testng.reporters.JUnitXMLReporter -->
<testsuite ignored="0" hostname="MacBook-Air" failures="0" tests="5" name="Default test" time="0.11" errors="0" timestamp="2024-08-09T10:08:57 GMT-04:00">
  <testcase classname="com.interview.Questions.practiseTestClass" name="charCount" time="0.012"/>
  <testcase classname="com.interview.Questions.practiseTestClass" name="duplicateNumbers" time="0.002"/>
  <testcase classname="com.interview.Questions.practiseTestClass" name="duplicateNumbersStartswithOne" time="0.002"/>
  <testcase classname="com.interview.Questions.practiseTestClass" name="reverseWords" time="0.005"/>
  <testcase classname="com.interview.Questions.practiseTestClass" name="wordsCount" time="0.003"/>
</testsuite> <!-- Default test -->
