<?xml version="1.0" encoding="UTF-8"?>
<testng-results ignored="0" total="5" passed="5" failed="0" skipped="0">
  <reporter-output>
  </reporter-output>
  <suite started-at="2024-08-09T10:08:57 GMT-04:00" name="Default suite" finished-at="2024-08-09T10:08:57 GMT-04:00" duration-ms="110">
    <groups>
    </groups>
    <test started-at="2024-08-09T10:08:57 GMT-04:00" name="Default test" finished-at="2024-08-09T10:08:57 GMT-04:00" duration-ms="110">
      <class name="com.interview.Questions.practiseTestClass">
        <test-method signature="charCount()[pri:0, instance:com.interview.Questions.practiseTestClass@a4102b8]" started-at="2024-08-09T10:08:57 GMT-04:00" name="charCount" finished-at="2024-08-09T10:08:57 GMT-04:00" duration-ms="12" status="PASS">
          <reporter-output>
          </reporter-output>
        </test-method> <!-- charCount -->
        <test-method signature="duplicateNumbers()[pri:0, instance:com.interview.Questions.practiseTestClass@a4102b8]" started-at="2024-08-09T10:08:57 GMT-04:00" name="duplicateNumbers" finished-at="2024-08-09T10:08:57 GMT-04:00" duration-ms="2" status="PASS">
          <reporter-output>
          </reporter-output>
        </test-method> <!-- duplicateNumbers -->
        <test-method signature="duplicateNumbersStartswithOne()[pri:0, instance:com.interview.Questions.practiseTestClass@a4102b8]" started-at="2024-08-09T10:08:57 GMT-04:00" name="duplicateNumbersStartswithOne" finished-at="2024-08-09T10:08:57 GMT-04:00" duration-ms="2" status="PASS">
          <reporter-output>
          </reporter-output>
        </test-method> <!-- duplicateNumbersStartswithOne -->
        <test-method signature="reverseWords()[pri:0, instance:com.interview.Questions.practiseTestClass@a4102b8]" started-at="2024-08-09T10:08:57 GMT-04:00" name="reverseWords" finished-at="2024-08-09T10:08:57 GMT-04:00" duration-ms="5" status="PASS">
          <reporter-output>
          </reporter-output>
        </test-method> <!-- reverseWords -->
        <test-method signature="wordsCount()[pri:0, instance:com.interview.Questions.practiseTestClass@a4102b8]" started-at="2024-08-09T10:08:57 GMT-04:00" name="wordsCount" finished-at="2024-08-09T10:08:57 GMT-04:00" duration-ms="3" status="PASS">
          <reporter-output>
          </reporter-output>
        </test-method> <!-- wordsCount -->
      </class> <!-- com.interview.Questions.practiseTestClass -->
    </test> <!-- Default test -->
  </suite> <!-- Default suite -->
</testng-results>
